2022-01-31 19:19:59,037:INFO:PyCaret Supervised Module
2022-01-31 19:19:59,037:INFO:ML Usecase: regression
2022-01-31 19:19:59,037:INFO:version 2.3.5
2022-01-31 19:19:59,038:INFO:Initializing setup()
2022-01-31 19:19:59,038:INFO:setup(target=Salary, ml_usecase=regression, available_plots={'parameter': 'Hyperparameters', 'residuals': 'Residuals', 'error': 'Prediction Error', 'cooks': 'Cooks Distance', 'rfe': 'Feature Selection', 'learning': 'Learning Curve', 'manifold': 'Manifold Learning', 'vc': 'Validation Curve', 'feature': 'Feature Importance', 'feature_all': 'Feature Importance (All)', 'tree': 'Decision Tree', 'residuals_interactive': 'Interactive Residuals'}, train_size=0.7, test_data=None, preprocess=True, imputation_type=simple, iterative_imputation_iters=5, categorical_features=None, categorical_imputation=constant, categorical_iterative_imputer=lightgbm, ordinal_features=None, high_cardinality_features=None, high_cardinality_method=frequency, numeric_features=None, numeric_imputation=mean, numeric_iterative_imputer=lightgbm, date_features=None, ignore_features=None, normalize=False, normalize_method=zscore, transformation=False, transformation_method=yeo-johnson, handle_unknown_categorical=True, unknown_categorical_method=least_frequent, pca=False, pca_method=linear, pca_components=None, ignore_low_variance=False, combine_rare_levels=False, rare_level_threshold=0.1, bin_numeric_features=None, remove_outliers=False, outliers_threshold=0.05, remove_multicollinearity=False, multicollinearity_threshold=0.9, remove_perfect_collinearity=True, create_clusters=False, cluster_iter=20, polynomial_features=False, polynomial_degree=2, trigonometry_features=False, polynomial_threshold=0.1, group_features=None, group_names=None, feature_selection=False, feature_selection_threshold=0.8, feature_selection_method=classic, feature_interaction=False, feature_ratio=False, interaction_threshold=0.01, fix_imbalance=False, fix_imbalance_method=None, transform_target=False, transform_target_method=box-cox, data_split_shuffle=True, data_split_stratify=False, fold_strategy=kfold, fold=10, fold_shuffle=False, fold_groups=None, n_jobs=-1, use_gpu=False, custom_pipeline=None, html=True, session_id=12, log_experiment=False, experiment_name=None, log_plots=False, log_profile=False, log_data=False, silent=False, verbose=True, profile=False, profile_kwargs=None, display=None)
2022-01-31 19:19:59,038:INFO:Checking environment
2022-01-31 19:19:59,038:INFO:python_version: 3.7.11
2022-01-31 19:19:59,038:INFO:python_build: ('default', 'Jul 27 2021 09:42:29')
2022-01-31 19:19:59,038:INFO:machine: AMD64
2022-01-31 19:19:59,038:INFO:platform: Windows-10-10.0.19041-SP0
2022-01-31 19:19:59,038:INFO:Memory: svmem(total=17035091968, available=3544793088, percent=79.2, used=13490298880, free=3544793088)
2022-01-31 19:19:59,038:INFO:Physical Core: 6
2022-01-31 19:19:59,038:INFO:Logical Core: 12
2022-01-31 19:19:59,038:INFO:Checking libraries
2022-01-31 19:19:59,038:INFO:pd==1.3.5
2022-01-31 19:19:59,038:INFO:numpy==1.21.5
2022-01-31 19:19:59,038:INFO:sklearn==0.23.2
2022-01-31 19:19:59,038:INFO:lightgbm==3.3.1
2022-01-31 19:19:59,116:INFO:catboost==1.0.3
2022-01-31 19:19:59,150:INFO:xgboost==1.5.1
2022-01-31 19:19:59,584:INFO:mlflow==1.22.0
2022-01-31 19:19:59,584:INFO:Checking Exceptions
2022-01-31 19:19:59,584:INFO:Declaring global variables
2022-01-31 19:19:59,584:INFO:USI: 1ffe
2022-01-31 19:19:59,584:INFO:pycaret_globals: {'imputation_classifier', 'fold_param', '_all_models_internal', 'pycaret_globals', 'transform_target_method_param', 'fold_groups_param_full', 'X_train', 'n_jobs_param', 'seed', 'exp_name_log', '_all_metrics', 'imputation_regressor', 'experiment__', 'gpu_param', 'prep_pipe', 'data_before_preprocess', 'target_param', 'html_param', '_gpu_n_jobs_param', 'transform_target_param', '_ml_usecase', 'master_model_container', 'fix_imbalance_param', '_internal_pipeline', 'log_plots_param', 'display_container', 'y_train', 'fix_imbalance_method_param', 'logging_param', 'stratify_param', 'USI', '_available_plots', 'fold_generator', 'y_test', 'X_test', 'y', '_all_models', 'X', 'iterative_imputation_iters_param', 'create_model_container', 'fold_shuffle_param', 'fold_groups_param'}
2022-01-31 19:19:59,584:INFO:Preparing display monitor
2022-01-31 19:19:59,584:INFO:Preparing display monitor
2022-01-31 19:19:59,594:INFO:Importing libraries
2022-01-31 19:19:59,594:INFO:Copying data for preprocessing
2022-01-31 19:19:59,600:INFO:Declaring preprocessing parameters
2022-01-31 19:19:59,602:INFO:Creating preprocessing pipeline
2022-01-31 19:19:59,615:INFO:Preprocessing pipeline created successfully
2022-01-31 19:19:59,615:ERROR:(Process Exit): setup has been interupted with user command 'quit'. setup must rerun.
2022-01-31 19:19:59,615:INFO:Creating global containers
2022-01-31 19:19:59,617:INFO:Internal pipeline: Pipeline(memory=None, steps=[('empty_step', 'passthrough')], verbose=False)
2022-01-31 19:20:13,705:INFO:Creating grid variables
2022-01-31 19:20:13,716:INFO:create_model_container: 0
2022-01-31 19:20:13,716:INFO:master_model_container: 0
2022-01-31 19:20:13,716:INFO:display_container: 1
2022-01-31 19:20:13,720:INFO:Pipeline(memory=None,
         steps=[('dtypes',
                 DataTypes_Auto_infer(categorical_features=[],
                                      display_types=True, features_todrop=[],
                                      id_columns=[], ml_usecase='regression',
                                      numerical_features=[], target='Salary',
                                      time_features=[])),
                ('imputer',
                 Simple_Imputer(categorical_strategy='not_available',
                                fill_value_categorical=None,
                                fill_value_numerical=None,
                                numeric_strategy=...
                ('scaling', 'passthrough'), ('P_transform', 'passthrough'),
                ('binn', 'passthrough'), ('rem_outliers', 'passthrough'),
                ('cluster_all', 'passthrough'),
                ('dummy', Dummify(target='Salary')),
                ('fix_perfect', Remove_100(target='Salary')),
                ('clean_names', Clean_Colum_Names()),
                ('feature_select', 'passthrough'), ('fix_multi', 'passthrough'),
                ('dfs', 'passthrough'), ('pca', 'passthrough')],
         verbose=False)
2022-01-31 19:20:13,720:INFO:setup() succesfully completed......................................
2022-01-31 19:20:13,817:INFO:Initializing compare_models()
2022-01-31 19:20:13,817:INFO:compare_models(include=None, fold=None, round=4, cross_validation=True, sort=R2, n_select=1, budget_time=None, turbo=True, errors=ignore, fit_kwargs=None, groups=None, probability_threshold=None, verbose=True, display=None, exclude=['ransac'])
2022-01-31 19:20:13,818:INFO:Checking exceptions
2022-01-31 19:20:13,818:INFO:Preparing display monitor
2022-01-31 19:20:13,818:INFO:Preparing display monitor
2022-01-31 19:20:13,840:INFO:Initializing Linear Regression
2022-01-31 19:20:13,840:INFO:Total runtime is 0.0 minutes
2022-01-31 19:20:13,847:INFO:SubProcess create_model() called ==================================
2022-01-31 19:20:13,847:INFO:Initializing create_model()
2022-01-31 19:20:13,847:INFO:create_model(estimator=lr, fold=KFold(n_splits=10, random_state=None, shuffle=False), round=4, cross_validation=True, predict=True, fit_kwargs={}, groups=None, refit=False, verbose=False, system=False, metrics=None, add_to_model_list=True, probability_threshold=None, display=<pycaret.internal.Display.Display object at 0x000001C2F368CD88>, kwargs={})
2022-01-31 19:20:13,847:INFO:Checking exceptions
2022-01-31 19:20:13,847:INFO:Importing libraries
2022-01-31 19:20:13,848:INFO:Copying training dataset
2022-01-31 19:20:13,849:INFO:Defining folds
2022-01-31 19:20:13,849:INFO:Declaring metric variables
2022-01-31 19:20:13,855:INFO:Importing untrained model
2022-01-31 19:20:13,861:INFO:Linear Regression Imported succesfully
2022-01-31 19:20:13,874:INFO:Starting cross validation
2022-01-31 19:20:13,880:INFO:Cross validating with KFold(n_splits=10, random_state=None, shuffle=False), n_jobs=-1
2022-01-31 19:20:17,302:INFO:Calculating mean and std
2022-01-31 19:20:17,305:INFO:Creating metrics dataframe
2022-01-31 19:20:17,315:INFO:Uploading results into container
2022-01-31 19:20:17,315:INFO:Uploading model into container now
2022-01-31 19:20:17,315:INFO:create_model_container: 1
2022-01-31 19:20:17,316:INFO:master_model_container: 1
2022-01-31 19:20:17,316:INFO:display_container: 2
2022-01-31 19:20:17,316:INFO:LinearRegression(copy_X=True, fit_intercept=True, n_jobs=-1, normalize=False)
2022-01-31 19:20:17,317:INFO:create_model() succesfully completed......................................
2022-01-31 19:20:17,429:INFO:SubProcess create_model() end ==================================
2022-01-31 19:20:17,429:INFO:Creating metrics dataframe
2022-01-31 19:20:17,440:INFO:Initializing Lasso Regression
2022-01-31 19:20:17,440:INFO:Total runtime is 0.060005708535512285 minutes
2022-01-31 19:20:17,446:INFO:SubProcess create_model() called ==================================
2022-01-31 19:20:17,446:INFO:Initializing create_model()
2022-01-31 19:20:17,447:INFO:create_model(estimator=lasso, fold=KFold(n_splits=10, random_state=None, shuffle=False), round=4, cross_validation=True, predict=True, fit_kwargs={}, groups=None, refit=False, verbose=False, system=False, metrics=None, add_to_model_list=True, probability_threshold=None, display=<pycaret.internal.Display.Display object at 0x000001C2F368CD88>, kwargs={})
2022-01-31 19:20:17,447:INFO:Checking exceptions
2022-01-31 19:20:17,447:INFO:Importing libraries
2022-01-31 19:20:17,447:INFO:Copying training dataset
2022-01-31 19:20:17,448:INFO:Defining folds
2022-01-31 19:20:17,448:INFO:Declaring metric variables
2022-01-31 19:20:17,455:INFO:Importing untrained model
2022-01-31 19:20:17,461:INFO:Lasso Regression Imported succesfully
2022-01-31 19:20:17,476:INFO:Starting cross validation
2022-01-31 19:20:17,477:INFO:Cross validating with KFold(n_splits=10, random_state=None, shuffle=False), n_jobs=-1
2022-01-31 19:20:19,279:INFO:Calculating mean and std
2022-01-31 19:20:19,282:INFO:Creating metrics dataframe
2022-01-31 19:20:19,291:INFO:Uploading results into container
2022-01-31 19:20:19,291:INFO:Uploading model into container now
2022-01-31 19:20:19,292:INFO:create_model_container: 2
2022-01-31 19:20:19,292:INFO:master_model_container: 2
2022-01-31 19:20:19,292:INFO:display_container: 2
2022-01-31 19:20:19,293:INFO:Lasso(alpha=1.0, copy_X=True, fit_intercept=True, max_iter=1000,
      normalize=False, positive=False, precompute=False, random_state=12,
      selection='cyclic', tol=0.0001, warm_start=False)
2022-01-31 19:20:19,294:INFO:create_model() succesfully completed......................................
2022-01-31 19:20:19,379:INFO:SubProcess create_model() end ==================================
2022-01-31 19:20:19,380:INFO:Creating metrics dataframe
2022-01-31 19:20:19,393:INFO:Initializing Ridge Regression
2022-01-31 19:20:19,393:INFO:Total runtime is 0.09254786570866902 minutes
2022-01-31 19:20:19,401:INFO:SubProcess create_model() called ==================================
2022-01-31 19:20:19,401:INFO:Initializing create_model()
2022-01-31 19:20:19,401:INFO:create_model(estimator=ridge, fold=KFold(n_splits=10, random_state=None, shuffle=False), round=4, cross_validation=True, predict=True, fit_kwargs={}, groups=None, refit=False, verbose=False, system=False, metrics=None, add_to_model_list=True, probability_threshold=None, display=<pycaret.internal.Display.Display object at 0x000001C2F368CD88>, kwargs={})
2022-01-31 19:20:19,401:INFO:Checking exceptions
2022-01-31 19:20:19,401:INFO:Importing libraries
2022-01-31 19:20:19,401:INFO:Copying training dataset
2022-01-31 19:20:19,402:INFO:Defining folds
2022-01-31 19:20:19,403:INFO:Declaring metric variables
2022-01-31 19:20:19,410:INFO:Importing untrained model
2022-01-31 19:20:19,416:INFO:Ridge Regression Imported succesfully
2022-01-31 19:20:19,429:INFO:Starting cross validation
2022-01-31 19:20:19,429:INFO:Cross validating with KFold(n_splits=10, random_state=None, shuffle=False), n_jobs=-1
2022-01-31 19:20:19,610:INFO:Calculating mean and std
2022-01-31 19:20:19,611:INFO:Creating metrics dataframe
2022-01-31 19:20:19,614:INFO:Uploading results into container
2022-01-31 19:20:19,614:INFO:Uploading model into container now
2022-01-31 19:20:19,614:INFO:create_model_container: 3
2022-01-31 19:20:19,614:INFO:master_model_container: 3
2022-01-31 19:20:19,614:INFO:display_container: 2
2022-01-31 19:20:19,614:INFO:Ridge(alpha=1.0, copy_X=True, fit_intercept=True, max_iter=None,
      normalize=False, random_state=12, solver='auto', tol=0.001)
2022-01-31 19:20:19,614:INFO:create_model() succesfully completed......................................
2022-01-31 19:20:19,694:INFO:SubProcess create_model() end ==================================
2022-01-31 19:20:19,694:INFO:Creating metrics dataframe
2022-01-31 19:20:19,705:INFO:Initializing Elastic Net
2022-01-31 19:20:19,705:INFO:Total runtime is 0.09774464766184489 minutes
2022-01-31 19:20:19,711:INFO:SubProcess create_model() called ==================================
2022-01-31 19:20:19,712:INFO:Initializing create_model()
2022-01-31 19:20:19,712:INFO:create_model(estimator=en, fold=KFold(n_splits=10, random_state=None, shuffle=False), round=4, cross_validation=True, predict=True, fit_kwargs={}, groups=None, refit=False, verbose=False, system=False, metrics=None, add_to_model_list=True, probability_threshold=None, display=<pycaret.internal.Display.Display object at 0x000001C2F368CD88>, kwargs={})
2022-01-31 19:20:19,712:INFO:Checking exceptions
2022-01-31 19:20:19,712:INFO:Importing libraries
2022-01-31 19:20:19,712:INFO:Copying training dataset
2022-01-31 19:20:19,713:INFO:Defining folds
2022-01-31 19:20:19,713:INFO:Declaring metric variables
2022-01-31 19:20:19,720:INFO:Importing untrained model
2022-01-31 19:20:19,727:INFO:Elastic Net Imported succesfully
2022-01-31 19:20:19,741:INFO:Starting cross validation
2022-01-31 19:20:19,742:INFO:Cross validating with KFold(n_splits=10, random_state=None, shuffle=False), n_jobs=-1
2022-01-31 19:20:19,924:INFO:Calculating mean and std
2022-01-31 19:20:19,925:INFO:Creating metrics dataframe
2022-01-31 19:20:19,930:INFO:Uploading results into container
2022-01-31 19:20:19,930:INFO:Uploading model into container now
2022-01-31 19:20:19,930:INFO:create_model_container: 4
2022-01-31 19:20:19,930:INFO:master_model_container: 4
2022-01-31 19:20:19,930:INFO:display_container: 2
2022-01-31 19:20:19,931:INFO:ElasticNet(alpha=1.0, copy_X=True, fit_intercept=True, l1_ratio=0.5,
           max_iter=1000, normalize=False, positive=False, precompute=False,
           random_state=12, selection='cyclic', tol=0.0001, warm_start=False)
2022-01-31 19:20:19,931:INFO:create_model() succesfully completed......................................
2022-01-31 19:20:20,009:INFO:SubProcess create_model() end ==================================
2022-01-31 19:20:20,009:INFO:Creating metrics dataframe
2022-01-31 19:20:20,020:INFO:Initializing Least Angle Regression
2022-01-31 19:20:20,020:INFO:Total runtime is 0.10299367904663086 minutes
2022-01-31 19:20:20,026:INFO:SubProcess create_model() called ==================================
2022-01-31 19:20:20,026:INFO:Initializing create_model()
2022-01-31 19:20:20,026:INFO:create_model(estimator=lar, fold=KFold(n_splits=10, random_state=None, shuffle=False), round=4, cross_validation=True, predict=True, fit_kwargs={}, groups=None, refit=False, verbose=False, system=False, metrics=None, add_to_model_list=True, probability_threshold=None, display=<pycaret.internal.Display.Display object at 0x000001C2F368CD88>, kwargs={})
2022-01-31 19:20:20,026:INFO:Checking exceptions
2022-01-31 19:20:20,026:INFO:Importing libraries
2022-01-31 19:20:20,026:INFO:Copying training dataset
2022-01-31 19:20:20,027:INFO:Defining folds
2022-01-31 19:20:20,028:INFO:Declaring metric variables
2022-01-31 19:20:20,035:INFO:Importing untrained model
2022-01-31 19:20:20,041:INFO:Least Angle Regression Imported succesfully
2022-01-31 19:20:20,055:INFO:Starting cross validation
2022-01-31 19:20:20,055:INFO:Cross validating with KFold(n_splits=10, random_state=None, shuffle=False), n_jobs=-1
2022-01-31 19:20:20,239:INFO:Calculating mean and std
2022-01-31 19:20:20,242:INFO:Creating metrics dataframe
2022-01-31 19:20:20,253:INFO:Uploading results into container
2022-01-31 19:20:20,253:INFO:Uploading model into container now
2022-01-31 19:20:20,253:INFO:create_model_container: 5
2022-01-31 19:20:20,254:INFO:master_model_container: 5
2022-01-31 19:20:20,254:INFO:display_container: 2
2022-01-31 19:20:20,255:INFO:Lars(copy_X=True, eps=2.220446049250313e-16, fit_intercept=True, fit_path=True,
     jitter=None, n_nonzero_coefs=500, normalize=True, precompute='auto',
     random_state=12, verbose=False)
2022-01-31 19:20:20,255:INFO:create_model() succesfully completed......................................
2022-01-31 19:20:20,336:INFO:SubProcess create_model() end ==================================
2022-01-31 19:20:20,336:INFO:Creating metrics dataframe
2022-01-31 19:20:20,350:INFO:Initializing Lasso Least Angle Regression
2022-01-31 19:20:20,350:INFO:Total runtime is 0.10850591659545898 minutes
2022-01-31 19:20:20,356:INFO:SubProcess create_model() called ==================================
2022-01-31 19:20:20,357:INFO:Initializing create_model()
2022-01-31 19:20:20,357:INFO:create_model(estimator=llar, fold=KFold(n_splits=10, random_state=None, shuffle=False), round=4, cross_validation=True, predict=True, fit_kwargs={}, groups=None, refit=False, verbose=False, system=False, metrics=None, add_to_model_list=True, probability_threshold=None, display=<pycaret.internal.Display.Display object at 0x000001C2F368CD88>, kwargs={})
2022-01-31 19:20:20,357:INFO:Checking exceptions
2022-01-31 19:20:20,357:INFO:Importing libraries
2022-01-31 19:20:20,357:INFO:Copying training dataset
2022-01-31 19:20:20,358:INFO:Defining folds
2022-01-31 19:20:20,359:INFO:Declaring metric variables
2022-01-31 19:20:20,365:INFO:Importing untrained model
2022-01-31 19:20:20,372:INFO:Lasso Least Angle Regression Imported succesfully
2022-01-31 19:20:20,387:INFO:Starting cross validation
2022-01-31 19:20:20,387:INFO:Cross validating with KFold(n_splits=10, random_state=None, shuffle=False), n_jobs=-1
2022-01-31 19:20:20,569:INFO:Calculating mean and std
2022-01-31 19:20:20,572:INFO:Creating metrics dataframe
2022-01-31 19:20:20,583:INFO:Uploading results into container
2022-01-31 19:20:20,583:INFO:Uploading model into container now
2022-01-31 19:20:20,584:INFO:create_model_container: 6
2022-01-31 19:20:20,584:INFO:master_model_container: 6
2022-01-31 19:20:20,584:INFO:display_container: 2
2022-01-31 19:20:20,585:INFO:LassoLars(alpha=1.0, copy_X=True, eps=2.220446049250313e-16, fit_intercept=True,
          fit_path=True, jitter=None, max_iter=500, normalize=True,
          positive=False, precompute='auto', random_state=12, verbose=False)
2022-01-31 19:20:20,585:INFO:create_model() succesfully completed......................................
2022-01-31 19:20:20,681:INFO:SubProcess create_model() end ==================================
2022-01-31 19:20:20,681:INFO:Creating metrics dataframe
2022-01-31 19:20:20,694:INFO:Initializing Orthogonal Matching Pursuit
2022-01-31 19:20:20,694:INFO:Total runtime is 0.11422741413116455 minutes
2022-01-31 19:20:20,700:INFO:SubProcess create_model() called ==================================
2022-01-31 19:20:20,701:INFO:Initializing create_model()
2022-01-31 19:20:20,701:INFO:create_model(estimator=omp, fold=KFold(n_splits=10, random_state=None, shuffle=False), round=4, cross_validation=True, predict=True, fit_kwargs={}, groups=None, refit=False, verbose=False, system=False, metrics=None, add_to_model_list=True, probability_threshold=None, display=<pycaret.internal.Display.Display object at 0x000001C2F368CD88>, kwargs={})
2022-01-31 19:20:20,701:INFO:Checking exceptions
2022-01-31 19:20:20,701:INFO:Importing libraries
2022-01-31 19:20:20,701:INFO:Copying training dataset
2022-01-31 19:20:20,702:INFO:Defining folds
2022-01-31 19:20:20,702:INFO:Declaring metric variables
2022-01-31 19:20:20,710:INFO:Importing untrained model
2022-01-31 19:20:20,717:INFO:Orthogonal Matching Pursuit Imported succesfully
2022-01-31 19:20:20,730:INFO:Starting cross validation
2022-01-31 19:20:20,731:INFO:Cross validating with KFold(n_splits=10, random_state=None, shuffle=False), n_jobs=-1
2022-01-31 19:20:20,915:INFO:Calculating mean and std
2022-01-31 19:20:20,918:INFO:Creating metrics dataframe
2022-01-31 19:20:20,921:INFO:Uploading results into container
2022-01-31 19:20:20,921:INFO:Uploading model into container now
2022-01-31 19:20:20,921:INFO:create_model_container: 7
2022-01-31 19:20:20,921:INFO:master_model_container: 7
2022-01-31 19:20:20,921:INFO:display_container: 2
2022-01-31 19:20:20,921:INFO:OrthogonalMatchingPursuit(fit_intercept=True, n_nonzero_coefs=None,
                          normalize=True, precompute='auto', tol=None)
2022-01-31 19:20:20,921:INFO:create_model() succesfully completed......................................
2022-01-31 19:20:20,998:INFO:SubProcess create_model() end ==================================
2022-01-31 19:20:20,998:INFO:Creating metrics dataframe
2022-01-31 19:20:21,011:INFO:Initializing Bayesian Ridge
2022-01-31 19:20:21,011:INFO:Total runtime is 0.11952321926752726 minutes
2022-01-31 19:20:21,019:INFO:SubProcess create_model() called ==================================
2022-01-31 19:20:21,019:INFO:Initializing create_model()
2022-01-31 19:20:21,020:INFO:create_model(estimator=br, fold=KFold(n_splits=10, random_state=None, shuffle=False), round=4, cross_validation=True, predict=True, fit_kwargs={}, groups=None, refit=False, verbose=False, system=False, metrics=None, add_to_model_list=True, probability_threshold=None, display=<pycaret.internal.Display.Display object at 0x000001C2F368CD88>, kwargs={})
2022-01-31 19:20:21,020:INFO:Checking exceptions
2022-01-31 19:20:21,020:INFO:Importing libraries
2022-01-31 19:20:21,020:INFO:Copying training dataset
2022-01-31 19:20:21,021:INFO:Defining folds
2022-01-31 19:20:21,021:INFO:Declaring metric variables
2022-01-31 19:20:21,028:INFO:Importing untrained model
2022-01-31 19:20:21,034:INFO:Bayesian Ridge Imported succesfully
2022-01-31 19:20:21,049:INFO:Starting cross validation
2022-01-31 19:20:21,049:INFO:Cross validating with KFold(n_splits=10, random_state=None, shuffle=False), n_jobs=-1
2022-01-31 19:20:21,244:INFO:Calculating mean and std
2022-01-31 19:20:21,245:INFO:Creating metrics dataframe
2022-01-31 19:20:21,249:INFO:Uploading results into container
2022-01-31 19:20:21,249:INFO:Uploading model into container now
2022-01-31 19:20:21,249:INFO:create_model_container: 8
2022-01-31 19:20:21,249:INFO:master_model_container: 8
2022-01-31 19:20:21,249:INFO:display_container: 2
2022-01-31 19:20:21,250:INFO:BayesianRidge(alpha_1=1e-06, alpha_2=1e-06, alpha_init=None,
              compute_score=False, copy_X=True, fit_intercept=True,
              lambda_1=1e-06, lambda_2=1e-06, lambda_init=None, n_iter=300,
              normalize=False, tol=0.001, verbose=False)
2022-01-31 19:20:21,250:INFO:create_model() succesfully completed......................................
2022-01-31 19:20:21,330:INFO:SubProcess create_model() end ==================================
2022-01-31 19:20:21,330:INFO:Creating metrics dataframe
2022-01-31 19:20:21,343:INFO:Initializing Passive Aggressive Regressor
2022-01-31 19:20:21,344:INFO:Total runtime is 0.12506961822509766 minutes
2022-01-31 19:20:21,351:INFO:SubProcess create_model() called ==================================
2022-01-31 19:20:21,351:INFO:Initializing create_model()
2022-01-31 19:20:21,351:INFO:create_model(estimator=par, fold=KFold(n_splits=10, random_state=None, shuffle=False), round=4, cross_validation=True, predict=True, fit_kwargs={}, groups=None, refit=False, verbose=False, system=False, metrics=None, add_to_model_list=True, probability_threshold=None, display=<pycaret.internal.Display.Display object at 0x000001C2F368CD88>, kwargs={})
2022-01-31 19:20:21,351:INFO:Checking exceptions
2022-01-31 19:20:21,351:INFO:Importing libraries
2022-01-31 19:20:21,351:INFO:Copying training dataset
2022-01-31 19:20:21,352:INFO:Defining folds
2022-01-31 19:20:21,353:INFO:Declaring metric variables
2022-01-31 19:20:21,359:INFO:Importing untrained model
2022-01-31 19:20:21,366:INFO:Passive Aggressive Regressor Imported succesfully
2022-01-31 19:20:21,382:INFO:Starting cross validation
2022-01-31 19:20:21,382:INFO:Cross validating with KFold(n_splits=10, random_state=None, shuffle=False), n_jobs=-1
2022-01-31 19:20:22,116:INFO:Calculating mean and std
2022-01-31 19:20:22,119:INFO:Creating metrics dataframe
2022-01-31 19:20:22,129:INFO:Uploading results into container
2022-01-31 19:20:22,130:INFO:Uploading model into container now
2022-01-31 19:20:22,130:INFO:create_model_container: 9
2022-01-31 19:20:22,130:INFO:master_model_container: 9
2022-01-31 19:20:22,130:INFO:display_container: 2
2022-01-31 19:20:22,131:INFO:PassiveAggressiveRegressor(C=1.0, average=False, early_stopping=False,
                           epsilon=0.1, fit_intercept=True,
                           loss='epsilon_insensitive', max_iter=1000,
                           n_iter_no_change=5, random_state=12, shuffle=True,
                           tol=0.001, validation_fraction=0.1, verbose=0,
                           warm_start=False)
2022-01-31 19:20:22,131:INFO:create_model() succesfully completed......................................
2022-01-31 19:20:22,236:INFO:SubProcess create_model() end ==================================
2022-01-31 19:20:22,236:INFO:Creating metrics dataframe
2022-01-31 19:20:22,250:INFO:Initializing Huber Regressor
2022-01-31 19:20:22,250:INFO:Total runtime is 0.14016187985738118 minutes
2022-01-31 19:20:22,256:INFO:SubProcess create_model() called ==================================
2022-01-31 19:20:22,257:INFO:Initializing create_model()
2022-01-31 19:20:22,257:INFO:create_model(estimator=huber, fold=KFold(n_splits=10, random_state=None, shuffle=False), round=4, cross_validation=True, predict=True, fit_kwargs={}, groups=None, refit=False, verbose=False, system=False, metrics=None, add_to_model_list=True, probability_threshold=None, display=<pycaret.internal.Display.Display object at 0x000001C2F368CD88>, kwargs={})
2022-01-31 19:20:22,257:INFO:Checking exceptions
2022-01-31 19:20:22,257:INFO:Importing libraries
2022-01-31 19:20:22,257:INFO:Copying training dataset
2022-01-31 19:20:22,258:INFO:Defining folds
2022-01-31 19:20:22,258:INFO:Declaring metric variables
2022-01-31 19:20:22,265:INFO:Importing untrained model
2022-01-31 19:20:22,272:INFO:Huber Regressor Imported succesfully
2022-01-31 19:20:22,287:INFO:Starting cross validation
2022-01-31 19:20:22,288:INFO:Cross validating with KFold(n_splits=10, random_state=None, shuffle=False), n_jobs=-1
2022-01-31 19:20:23,903:INFO:Calculating mean and std
2022-01-31 19:20:23,904:INFO:Creating metrics dataframe
2022-01-31 19:20:23,907:INFO:Uploading results into container
2022-01-31 19:20:23,907:INFO:Uploading model into container now
2022-01-31 19:20:23,907:INFO:create_model_container: 10
2022-01-31 19:20:23,907:INFO:master_model_container: 10
2022-01-31 19:20:23,907:INFO:display_container: 2
2022-01-31 19:20:23,908:INFO:HuberRegressor(alpha=0.0001, epsilon=1.35, fit_intercept=True, max_iter=100,
               tol=1e-05, warm_start=False)
2022-01-31 19:20:23,908:INFO:create_model() succesfully completed......................................
2022-01-31 19:20:23,985:WARNING:create_model() for HuberRegressor(alpha=0.0001, epsilon=1.35, fit_intercept=True, max_iter=100,
               tol=1e-05, warm_start=False) raised an exception or returned all 0.0, trying without fit_kwargs:
2022-01-31 19:20:23,989:WARNING:Traceback (most recent call last):
  File "C:\Users\quartermaine\miniconda3\envs\myenv\lib\site-packages\pycaret\internal\tabular.py", line 2204, in compare_models
    assert np.sum(model_results.iloc[0]) != 0.0
AssertionError

2022-01-31 19:20:23,989:INFO:Initializing create_model()
2022-01-31 19:20:23,989:INFO:create_model(estimator=huber, fold=KFold(n_splits=10, random_state=None, shuffle=False), round=4, cross_validation=True, predict=True, fit_kwargs={}, groups=None, refit=False, verbose=False, system=False, metrics=None, add_to_model_list=True, probability_threshold=None, display=<pycaret.internal.Display.Display object at 0x000001C2F368CD88>, kwargs={})
2022-01-31 19:20:23,989:INFO:Checking exceptions
2022-01-31 19:20:23,989:INFO:Importing libraries
2022-01-31 19:20:23,989:INFO:Copying training dataset
2022-01-31 19:20:23,990:INFO:Defining folds
2022-01-31 19:20:23,990:INFO:Declaring metric variables
2022-01-31 19:20:23,996:INFO:Importing untrained model
2022-01-31 19:20:24,003:INFO:Huber Regressor Imported succesfully
2022-01-31 19:20:24,017:INFO:Starting cross validation
2022-01-31 19:20:24,017:INFO:Cross validating with KFold(n_splits=10, random_state=None, shuffle=False), n_jobs=-1
2022-01-31 19:20:25,627:INFO:Calculating mean and std
2022-01-31 19:20:25,629:INFO:Creating metrics dataframe
2022-01-31 19:20:25,639:INFO:Uploading results into container
2022-01-31 19:20:25,639:INFO:Uploading model into container now
2022-01-31 19:20:25,640:INFO:create_model_container: 11
2022-01-31 19:20:25,640:INFO:master_model_container: 11
2022-01-31 19:20:25,640:INFO:display_container: 2
2022-01-31 19:20:25,641:INFO:HuberRegressor(alpha=0.0001, epsilon=1.35, fit_intercept=True, max_iter=100,
               tol=1e-05, warm_start=False)
2022-01-31 19:20:25,641:INFO:create_model() succesfully completed......................................
2022-01-31 19:20:25,749:ERROR:create_model() for HuberRegressor(alpha=0.0001, epsilon=1.35, fit_intercept=True, max_iter=100,
               tol=1e-05, warm_start=False) raised an exception or returned all 0.0:
2022-01-31 19:20:25,750:ERROR:Traceback (most recent call last):
  File "C:\Users\quartermaine\miniconda3\envs\myenv\lib\site-packages\pycaret\internal\tabular.py", line 2204, in compare_models
    assert np.sum(model_results.iloc[0]) != 0.0
AssertionError

During handling of the above exception, another exception occurred:

Traceback (most recent call last):
  File "C:\Users\quartermaine\miniconda3\envs\myenv\lib\site-packages\pycaret\internal\tabular.py", line 2213, in compare_models
    assert np.sum(model_results.iloc[0]) != 0.0
AssertionError

2022-01-31 19:20:25,750:INFO:Initializing K Neighbors Regressor
2022-01-31 19:20:25,750:INFO:Total runtime is 0.1984990914662679 minutes
2022-01-31 19:20:25,756:INFO:SubProcess create_model() called ==================================
2022-01-31 19:20:25,756:INFO:Initializing create_model()
2022-01-31 19:20:25,756:INFO:create_model(estimator=knn, fold=KFold(n_splits=10, random_state=None, shuffle=False), round=4, cross_validation=True, predict=True, fit_kwargs={}, groups=None, refit=False, verbose=False, system=False, metrics=None, add_to_model_list=True, probability_threshold=None, display=<pycaret.internal.Display.Display object at 0x000001C2F368CD88>, kwargs={})
2022-01-31 19:20:25,756:INFO:Checking exceptions
2022-01-31 19:20:25,757:INFO:Importing libraries
2022-01-31 19:20:25,757:INFO:Copying training dataset
2022-01-31 19:20:25,757:INFO:Defining folds
2022-01-31 19:20:25,758:INFO:Declaring metric variables
2022-01-31 19:20:25,763:INFO:Importing untrained model
2022-01-31 19:20:25,770:INFO:K Neighbors Regressor Imported succesfully
2022-01-31 19:20:25,787:INFO:Starting cross validation
2022-01-31 19:20:25,788:INFO:Cross validating with KFold(n_splits=10, random_state=None, shuffle=False), n_jobs=-1
2022-01-31 19:20:26,366:INFO:Calculating mean and std
2022-01-31 19:20:26,367:INFO:Creating metrics dataframe
2022-01-31 19:20:26,370:INFO:Uploading results into container
2022-01-31 19:20:26,371:INFO:Uploading model into container now
2022-01-31 19:20:26,371:INFO:create_model_container: 12
2022-01-31 19:20:26,371:INFO:master_model_container: 12
2022-01-31 19:20:26,371:INFO:display_container: 2
2022-01-31 19:20:26,371:INFO:KNeighborsRegressor(algorithm='auto', leaf_size=30, metric='minkowski',
                    metric_params=None, n_jobs=-1, n_neighbors=5, p=2,
                    weights='uniform')
2022-01-31 19:20:26,371:INFO:create_model() succesfully completed......................................
2022-01-31 19:20:26,454:INFO:SubProcess create_model() end ==================================
2022-01-31 19:20:26,454:INFO:Creating metrics dataframe
2022-01-31 19:20:26,466:INFO:Initializing Decision Tree Regressor
2022-01-31 19:20:26,466:INFO:Total runtime is 0.21042997439702352 minutes
2022-01-31 19:20:26,472:INFO:SubProcess create_model() called ==================================
2022-01-31 19:20:26,473:INFO:Initializing create_model()
2022-01-31 19:20:26,473:INFO:create_model(estimator=dt, fold=KFold(n_splits=10, random_state=None, shuffle=False), round=4, cross_validation=True, predict=True, fit_kwargs={}, groups=None, refit=False, verbose=False, system=False, metrics=None, add_to_model_list=True, probability_threshold=None, display=<pycaret.internal.Display.Display object at 0x000001C2F368CD88>, kwargs={})
2022-01-31 19:20:26,473:INFO:Checking exceptions
2022-01-31 19:20:26,473:INFO:Importing libraries
2022-01-31 19:20:26,473:INFO:Copying training dataset
2022-01-31 19:20:26,474:INFO:Defining folds
2022-01-31 19:20:26,474:INFO:Declaring metric variables
2022-01-31 19:20:26,481:INFO:Importing untrained model
2022-01-31 19:20:26,487:INFO:Decision Tree Regressor Imported succesfully
2022-01-31 19:20:26,502:INFO:Starting cross validation
2022-01-31 19:20:26,502:INFO:Cross validating with KFold(n_splits=10, random_state=None, shuffle=False), n_jobs=-1
2022-01-31 19:20:26,715:INFO:Calculating mean and std
2022-01-31 19:20:26,716:INFO:Creating metrics dataframe
2022-01-31 19:20:26,719:INFO:Uploading results into container
2022-01-31 19:20:26,719:INFO:Uploading model into container now
2022-01-31 19:20:26,719:INFO:create_model_container: 13
2022-01-31 19:20:26,719:INFO:master_model_container: 13
2022-01-31 19:20:26,719:INFO:display_container: 2
2022-01-31 19:20:26,719:INFO:DecisionTreeRegressor(ccp_alpha=0.0, criterion='mse', max_depth=None,
                      max_features=None, max_leaf_nodes=None,
                      min_impurity_decrease=0.0, min_impurity_split=None,
                      min_samples_leaf=1, min_samples_split=2,
                      min_weight_fraction_leaf=0.0, presort='deprecated',
                      random_state=12, splitter='best')
2022-01-31 19:20:26,719:INFO:create_model() succesfully completed......................................
2022-01-31 19:20:26,799:INFO:SubProcess create_model() end ==================================
2022-01-31 19:20:26,799:INFO:Creating metrics dataframe
2022-01-31 19:20:26,813:INFO:Initializing Random Forest Regressor
2022-01-31 19:20:26,814:INFO:Total runtime is 0.21623138984044393 minutes
2022-01-31 19:20:26,820:INFO:SubProcess create_model() called ==================================
2022-01-31 19:20:26,821:INFO:Initializing create_model()
2022-01-31 19:20:26,821:INFO:create_model(estimator=rf, fold=KFold(n_splits=10, random_state=None, shuffle=False), round=4, cross_validation=True, predict=True, fit_kwargs={}, groups=None, refit=False, verbose=False, system=False, metrics=None, add_to_model_list=True, probability_threshold=None, display=<pycaret.internal.Display.Display object at 0x000001C2F368CD88>, kwargs={})
2022-01-31 19:20:26,821:INFO:Checking exceptions
2022-01-31 19:20:26,821:INFO:Importing libraries
2022-01-31 19:20:26,821:INFO:Copying training dataset
2022-01-31 19:20:26,822:INFO:Defining folds
2022-01-31 19:20:26,822:INFO:Declaring metric variables
2022-01-31 19:20:26,828:INFO:Importing untrained model
2022-01-31 19:20:26,837:INFO:Random Forest Regressor Imported succesfully
2022-01-31 19:20:26,852:INFO:Starting cross validation
2022-01-31 19:20:26,852:INFO:Cross validating with KFold(n_splits=10, random_state=None, shuffle=False), n_jobs=-1
2022-01-31 19:20:29,878:INFO:Calculating mean and std
2022-01-31 19:20:29,879:INFO:Creating metrics dataframe
2022-01-31 19:20:29,885:INFO:Uploading results into container
2022-01-31 19:20:29,885:INFO:Uploading model into container now
2022-01-31 19:20:29,885:INFO:create_model_container: 14
2022-01-31 19:20:29,885:INFO:master_model_container: 14
2022-01-31 19:20:29,885:INFO:display_container: 2
2022-01-31 19:20:29,886:INFO:RandomForestRegressor(bootstrap=True, ccp_alpha=0.0, criterion='mse',
                      max_depth=None, max_features='auto', max_leaf_nodes=None,
                      max_samples=None, min_impurity_decrease=0.0,
                      min_impurity_split=None, min_samples_leaf=1,
                      min_samples_split=2, min_weight_fraction_leaf=0.0,
                      n_estimators=100, n_jobs=-1, oob_score=False,
                      random_state=12, verbose=0, warm_start=False)
2022-01-31 19:20:29,886:INFO:create_model() succesfully completed......................................
2022-01-31 19:20:29,974:INFO:SubProcess create_model() end ==================================
2022-01-31 19:20:29,974:INFO:Creating metrics dataframe
2022-01-31 19:20:29,989:INFO:Initializing Extra Trees Regressor
2022-01-31 19:20:29,989:INFO:Total runtime is 0.2691421071688334 minutes
2022-01-31 19:20:29,997:INFO:SubProcess create_model() called ==================================
2022-01-31 19:20:29,997:INFO:Initializing create_model()
2022-01-31 19:20:29,997:INFO:create_model(estimator=et, fold=KFold(n_splits=10, random_state=None, shuffle=False), round=4, cross_validation=True, predict=True, fit_kwargs={}, groups=None, refit=False, verbose=False, system=False, metrics=None, add_to_model_list=True, probability_threshold=None, display=<pycaret.internal.Display.Display object at 0x000001C2F368CD88>, kwargs={})
2022-01-31 19:20:29,997:INFO:Checking exceptions
2022-01-31 19:20:29,998:INFO:Importing libraries
2022-01-31 19:20:29,998:INFO:Copying training dataset
2022-01-31 19:20:29,998:INFO:Defining folds
2022-01-31 19:20:29,999:INFO:Declaring metric variables
2022-01-31 19:20:30,006:INFO:Importing untrained model
2022-01-31 19:20:30,012:INFO:Extra Trees Regressor Imported succesfully
2022-01-31 19:20:30,026:INFO:Starting cross validation
2022-01-31 19:20:30,027:INFO:Cross validating with KFold(n_splits=10, random_state=None, shuffle=False), n_jobs=-1
2022-01-31 19:20:33,191:INFO:Calculating mean and std
2022-01-31 19:20:33,193:INFO:Creating metrics dataframe
2022-01-31 19:20:33,204:INFO:Uploading results into container
2022-01-31 19:20:33,204:INFO:Uploading model into container now
2022-01-31 19:20:33,204:INFO:create_model_container: 15
2022-01-31 19:20:33,205:INFO:master_model_container: 15
2022-01-31 19:20:33,205:INFO:display_container: 2
2022-01-31 19:20:33,206:INFO:ExtraTreesRegressor(bootstrap=False, ccp_alpha=0.0, criterion='mse',
                    max_depth=None, max_features='auto', max_leaf_nodes=None,
                    max_samples=None, min_impurity_decrease=0.0,
                    min_impurity_split=None, min_samples_leaf=1,
                    min_samples_split=2, min_weight_fraction_leaf=0.0,
                    n_estimators=100, n_jobs=-1, oob_score=False,
                    random_state=12, verbose=0, warm_start=False)
2022-01-31 19:20:33,207:INFO:create_model() succesfully completed......................................
2022-01-31 19:20:33,299:INFO:SubProcess create_model() end ==================================
2022-01-31 19:20:33,299:INFO:Creating metrics dataframe
2022-01-31 19:20:33,314:INFO:Initializing AdaBoost Regressor
2022-01-31 19:20:33,314:INFO:Total runtime is 0.32457170486450193 minutes
2022-01-31 19:20:33,321:INFO:SubProcess create_model() called ==================================
2022-01-31 19:20:33,322:INFO:Initializing create_model()
2022-01-31 19:20:33,322:INFO:create_model(estimator=ada, fold=KFold(n_splits=10, random_state=None, shuffle=False), round=4, cross_validation=True, predict=True, fit_kwargs={}, groups=None, refit=False, verbose=False, system=False, metrics=None, add_to_model_list=True, probability_threshold=None, display=<pycaret.internal.Display.Display object at 0x000001C2F368CD88>, kwargs={})
2022-01-31 19:20:33,322:INFO:Checking exceptions
2022-01-31 19:20:33,322:INFO:Importing libraries
2022-01-31 19:20:33,322:INFO:Copying training dataset
2022-01-31 19:20:33,323:INFO:Defining folds
2022-01-31 19:20:33,324:INFO:Declaring metric variables
2022-01-31 19:20:33,330:INFO:Importing untrained model
2022-01-31 19:20:33,337:INFO:AdaBoost Regressor Imported succesfully
2022-01-31 19:20:33,352:INFO:Starting cross validation
2022-01-31 19:20:33,352:INFO:Cross validating with KFold(n_splits=10, random_state=None, shuffle=False), n_jobs=-1
2022-01-31 19:20:33,762:INFO:Calculating mean and std
2022-01-31 19:20:33,764:INFO:Creating metrics dataframe
2022-01-31 19:20:33,774:INFO:Uploading results into container
2022-01-31 19:20:33,775:INFO:Uploading model into container now
2022-01-31 19:20:33,775:INFO:create_model_container: 16
2022-01-31 19:20:33,775:INFO:master_model_container: 16
2022-01-31 19:20:33,775:INFO:display_container: 2
2022-01-31 19:20:33,776:INFO:AdaBoostRegressor(base_estimator=None, learning_rate=1.0, loss='linear',
                  n_estimators=50, random_state=12)
2022-01-31 19:20:33,776:INFO:create_model() succesfully completed......................................
2022-01-31 19:20:33,874:INFO:SubProcess create_model() end ==================================
2022-01-31 19:20:33,875:INFO:Creating metrics dataframe
2022-01-31 19:20:33,888:INFO:Initializing Gradient Boosting Regressor
2022-01-31 19:20:33,889:INFO:Total runtime is 0.3341446081797282 minutes
2022-01-31 19:20:33,895:INFO:SubProcess create_model() called ==================================
2022-01-31 19:20:33,895:INFO:Initializing create_model()
2022-01-31 19:20:33,896:INFO:create_model(estimator=gbr, fold=KFold(n_splits=10, random_state=None, shuffle=False), round=4, cross_validation=True, predict=True, fit_kwargs={}, groups=None, refit=False, verbose=False, system=False, metrics=None, add_to_model_list=True, probability_threshold=None, display=<pycaret.internal.Display.Display object at 0x000001C2F368CD88>, kwargs={})
2022-01-31 19:20:33,896:INFO:Checking exceptions
2022-01-31 19:20:33,896:INFO:Importing libraries
2022-01-31 19:20:33,896:INFO:Copying training dataset
2022-01-31 19:20:33,897:INFO:Defining folds
2022-01-31 19:20:33,897:INFO:Declaring metric variables
2022-01-31 19:20:33,904:INFO:Importing untrained model
2022-01-31 19:20:33,911:INFO:Gradient Boosting Regressor Imported succesfully
2022-01-31 19:20:33,925:INFO:Starting cross validation
2022-01-31 19:20:33,926:INFO:Cross validating with KFold(n_splits=10, random_state=None, shuffle=False), n_jobs=-1
2022-01-31 19:20:35,061:INFO:Calculating mean and std
2022-01-31 19:20:35,064:INFO:Creating metrics dataframe
2022-01-31 19:20:35,073:INFO:Uploading results into container
2022-01-31 19:20:35,074:INFO:Uploading model into container now
2022-01-31 19:20:35,074:INFO:create_model_container: 17
2022-01-31 19:20:35,074:INFO:master_model_container: 17
2022-01-31 19:20:35,074:INFO:display_container: 2
2022-01-31 19:20:35,076:INFO:GradientBoostingRegressor(alpha=0.9, ccp_alpha=0.0, criterion='friedman_mse',
                          init=None, learning_rate=0.1, loss='ls', max_depth=3,
                          max_features=None, max_leaf_nodes=None,
                          min_impurity_decrease=0.0, min_impurity_split=None,
                          min_samples_leaf=1, min_samples_split=2,
                          min_weight_fraction_leaf=0.0, n_estimators=100,
                          n_iter_no_change=None, presort='deprecated',
                          random_state=12, subsample=1.0, tol=0.0001,
                          validation_fraction=0.1, verbose=0, warm_start=False)
2022-01-31 19:20:35,076:INFO:create_model() succesfully completed......................................
2022-01-31 19:20:35,175:INFO:SubProcess create_model() end ==================================
2022-01-31 19:20:35,175:INFO:Creating metrics dataframe
2022-01-31 19:20:35,189:INFO:Initializing Extreme Gradient Boosting
2022-01-31 19:20:35,189:INFO:Total runtime is 0.35580812295277914 minutes
2022-01-31 19:20:35,196:INFO:SubProcess create_model() called ==================================
2022-01-31 19:20:35,197:INFO:Initializing create_model()
2022-01-31 19:20:35,197:INFO:create_model(estimator=xgboost, fold=KFold(n_splits=10, random_state=None, shuffle=False), round=4, cross_validation=True, predict=True, fit_kwargs={}, groups=None, refit=False, verbose=False, system=False, metrics=None, add_to_model_list=True, probability_threshold=None, display=<pycaret.internal.Display.Display object at 0x000001C2F368CD88>, kwargs={})
2022-01-31 19:20:35,197:INFO:Checking exceptions
2022-01-31 19:20:35,197:INFO:Importing libraries
2022-01-31 19:20:35,197:INFO:Copying training dataset
2022-01-31 19:20:35,198:INFO:Defining folds
2022-01-31 19:20:35,198:INFO:Declaring metric variables
2022-01-31 19:20:35,205:INFO:Importing untrained model
2022-01-31 19:20:35,214:INFO:Extreme Gradient Boosting Imported succesfully
2022-01-31 19:20:35,227:INFO:Starting cross validation
2022-01-31 19:20:35,229:INFO:Cross validating with KFold(n_splits=10, random_state=None, shuffle=False), n_jobs=-1
2022-01-31 19:20:37,736:INFO:Calculating mean and std
2022-01-31 19:20:37,736:INFO:Creating metrics dataframe
2022-01-31 19:20:37,739:INFO:Uploading results into container
2022-01-31 19:20:37,740:INFO:Uploading model into container now
2022-01-31 19:20:37,740:INFO:create_model_container: 18
2022-01-31 19:20:37,740:INFO:master_model_container: 18
2022-01-31 19:20:37,740:INFO:display_container: 2
2022-01-31 19:20:37,741:INFO:XGBRegressor(base_score=None, booster='gbtree', colsample_bylevel=None,
             colsample_bynode=None, colsample_bytree=None,
             enable_categorical=False, gamma=None, gpu_id=None,
             importance_type=None, interaction_constraints=None,
             learning_rate=None, max_delta_step=None, max_depth=None,
             min_child_weight=None, missing=nan, monotone_constraints=None,
             n_estimators=100, n_jobs=-1, num_parallel_tree=None,
             objective='reg:squarederror', predictor=None, random_state=12,
             reg_alpha=None, reg_lambda=None, scale_pos_weight=None,
             subsample=None, tree_method='auto', validate_parameters=None,
             verbosity=0)
2022-01-31 19:20:37,741:INFO:create_model() succesfully completed......................................
2022-01-31 19:20:37,823:INFO:SubProcess create_model() end ==================================
2022-01-31 19:20:37,823:INFO:Creating metrics dataframe
2022-01-31 19:20:37,836:INFO:Initializing Light Gradient Boosting Machine
2022-01-31 19:20:37,836:INFO:Total runtime is 0.39993074735005696 minutes
2022-01-31 19:20:37,842:INFO:SubProcess create_model() called ==================================
2022-01-31 19:20:37,842:INFO:Initializing create_model()
2022-01-31 19:20:37,842:INFO:create_model(estimator=lightgbm, fold=KFold(n_splits=10, random_state=None, shuffle=False), round=4, cross_validation=True, predict=True, fit_kwargs={}, groups=None, refit=False, verbose=False, system=False, metrics=None, add_to_model_list=True, probability_threshold=None, display=<pycaret.internal.Display.Display object at 0x000001C2F368CD88>, kwargs={})
2022-01-31 19:20:37,842:INFO:Checking exceptions
2022-01-31 19:20:37,843:INFO:Importing libraries
2022-01-31 19:20:37,843:INFO:Copying training dataset
2022-01-31 19:20:37,843:INFO:Defining folds
2022-01-31 19:20:37,844:INFO:Declaring metric variables
2022-01-31 19:20:37,850:INFO:Importing untrained model
2022-01-31 19:20:37,857:INFO:Light Gradient Boosting Machine Imported succesfully
2022-01-31 19:20:37,871:INFO:Starting cross validation
2022-01-31 19:20:37,872:INFO:Cross validating with KFold(n_splits=10, random_state=None, shuffle=False), n_jobs=-1
2022-01-31 19:20:39,529:INFO:Calculating mean and std
2022-01-31 19:20:39,530:INFO:Creating metrics dataframe
2022-01-31 19:20:39,533:INFO:Uploading results into container
2022-01-31 19:20:39,533:INFO:Uploading model into container now
2022-01-31 19:20:39,533:INFO:create_model_container: 19
2022-01-31 19:20:39,533:INFO:master_model_container: 19
2022-01-31 19:20:39,533:INFO:display_container: 2
2022-01-31 19:20:39,534:INFO:LGBMRegressor(boosting_type='gbdt', class_weight=None, colsample_bytree=1.0,
              importance_type='split', learning_rate=0.1, max_depth=-1,
              min_child_samples=20, min_child_weight=0.001, min_split_gain=0.0,
              n_estimators=100, n_jobs=-1, num_leaves=31, objective=None,
              random_state=12, reg_alpha=0.0, reg_lambda=0.0, silent='warn',
              subsample=1.0, subsample_for_bin=200000, subsample_freq=0)
2022-01-31 19:20:39,534:INFO:create_model() succesfully completed......................................
2022-01-31 19:20:39,622:INFO:SubProcess create_model() end ==================================
2022-01-31 19:20:39,622:INFO:Creating metrics dataframe
2022-01-31 19:20:39,637:INFO:Initializing CatBoost Regressor
2022-01-31 19:20:39,637:INFO:Total runtime is 0.4299481471379598 minutes
2022-01-31 19:20:39,643:INFO:SubProcess create_model() called ==================================
2022-01-31 19:20:39,644:INFO:Initializing create_model()
2022-01-31 19:20:39,644:INFO:create_model(estimator=catboost, fold=KFold(n_splits=10, random_state=None, shuffle=False), round=4, cross_validation=True, predict=True, fit_kwargs={}, groups=None, refit=False, verbose=False, system=False, metrics=None, add_to_model_list=True, probability_threshold=None, display=<pycaret.internal.Display.Display object at 0x000001C2F368CD88>, kwargs={})
2022-01-31 19:20:39,644:INFO:Checking exceptions
2022-01-31 19:20:39,644:INFO:Importing libraries
2022-01-31 19:20:39,645:INFO:Copying training dataset
2022-01-31 19:20:39,646:INFO:Defining folds
2022-01-31 19:20:39,646:INFO:Declaring metric variables
2022-01-31 19:20:39,653:INFO:Importing untrained model
2022-01-31 19:20:39,667:INFO:CatBoost Regressor Imported succesfully
2022-01-31 19:20:39,687:INFO:Starting cross validation
2022-01-31 19:20:39,690:INFO:Cross validating with KFold(n_splits=10, random_state=None, shuffle=False), n_jobs=-1
2022-01-31 19:20:47,625:INFO:Calculating mean and std
2022-01-31 19:20:47,625:INFO:Creating metrics dataframe
2022-01-31 19:20:47,631:INFO:Uploading results into container
2022-01-31 19:20:47,631:INFO:Uploading model into container now
2022-01-31 19:20:47,631:INFO:create_model_container: 20
2022-01-31 19:20:47,631:INFO:master_model_container: 20
2022-01-31 19:20:47,631:INFO:display_container: 2
2022-01-31 19:20:47,631:INFO:<catboost.core.CatBoostRegressor object at 0x000001C2F5986208>
2022-01-31 19:20:47,632:INFO:create_model() succesfully completed......................................
2022-01-31 19:20:47,739:INFO:SubProcess create_model() end ==================================
2022-01-31 19:20:47,739:INFO:Creating metrics dataframe
2022-01-31 19:20:47,753:INFO:Initializing Dummy Regressor
2022-01-31 19:20:47,753:INFO:Total runtime is 0.5652133822441101 minutes
2022-01-31 19:20:47,760:INFO:SubProcess create_model() called ==================================
2022-01-31 19:20:47,761:INFO:Initializing create_model()
2022-01-31 19:20:47,761:INFO:create_model(estimator=dummy, fold=KFold(n_splits=10, random_state=None, shuffle=False), round=4, cross_validation=True, predict=True, fit_kwargs={}, groups=None, refit=False, verbose=False, system=False, metrics=None, add_to_model_list=True, probability_threshold=None, display=<pycaret.internal.Display.Display object at 0x000001C2F368CD88>, kwargs={})
2022-01-31 19:20:47,761:INFO:Checking exceptions
2022-01-31 19:20:47,761:INFO:Importing libraries
2022-01-31 19:20:47,761:INFO:Copying training dataset
2022-01-31 19:20:47,762:INFO:Defining folds
2022-01-31 19:20:47,762:INFO:Declaring metric variables
2022-01-31 19:20:47,768:INFO:Importing untrained model
2022-01-31 19:20:47,775:INFO:Dummy Regressor Imported succesfully
2022-01-31 19:20:47,787:INFO:Starting cross validation
2022-01-31 19:20:47,788:INFO:Cross validating with KFold(n_splits=10, random_state=None, shuffle=False), n_jobs=-1
2022-01-31 19:20:47,957:INFO:Calculating mean and std
2022-01-31 19:20:47,957:INFO:Creating metrics dataframe
2022-01-31 19:20:47,960:INFO:Uploading results into container
2022-01-31 19:20:47,960:INFO:Uploading model into container now
2022-01-31 19:20:47,960:INFO:create_model_container: 21
2022-01-31 19:20:47,960:INFO:master_model_container: 21
2022-01-31 19:20:47,960:INFO:display_container: 2
2022-01-31 19:20:47,960:INFO:DummyRegressor(constant=None, quantile=None, strategy='mean')
2022-01-31 19:20:47,960:INFO:create_model() succesfully completed......................................
2022-01-31 19:20:48,036:INFO:SubProcess create_model() end ==================================
2022-01-31 19:20:48,037:INFO:Creating metrics dataframe
2022-01-31 19:20:48,064:INFO:Initializing create_model()
2022-01-31 19:20:48,065:INFO:create_model(estimator=LGBMRegressor(boosting_type='gbdt', class_weight=None, colsample_bytree=1.0,
              importance_type='split', learning_rate=0.1, max_depth=-1,
              min_child_samples=20, min_child_weight=0.001, min_split_gain=0.0,
              n_estimators=100, n_jobs=-1, num_leaves=31, objective=None,
              random_state=12, reg_alpha=0.0, reg_lambda=0.0, silent='warn',
              subsample=1.0, subsample_for_bin=200000, subsample_freq=0), fold=KFold(n_splits=10, random_state=None, shuffle=False), round=4, cross_validation=False, predict=False, fit_kwargs={}, groups=None, refit=True, verbose=False, system=False, metrics=None, add_to_model_list=True, probability_threshold=None, display=None, kwargs={})
2022-01-31 19:20:48,065:INFO:Checking exceptions
2022-01-31 19:20:48,065:INFO:Importing libraries
2022-01-31 19:20:48,065:INFO:Copying training dataset
2022-01-31 19:20:48,066:INFO:Defining folds
2022-01-31 19:20:48,066:INFO:Declaring metric variables
2022-01-31 19:20:48,066:INFO:Importing untrained model
2022-01-31 19:20:48,066:INFO:Declaring custom model
2022-01-31 19:20:48,066:INFO:Light Gradient Boosting Machine Imported succesfully
2022-01-31 19:20:48,067:INFO:Cross validation set to False
2022-01-31 19:20:48,067:INFO:Fitting Model
2022-01-31 19:20:48,126:INFO:LGBMRegressor(boosting_type='gbdt', class_weight=None, colsample_bytree=1.0,
              importance_type='split', learning_rate=0.1, max_depth=-1,
              min_child_samples=20, min_child_weight=0.001, min_split_gain=0.0,
              n_estimators=100, n_jobs=-1, num_leaves=31, objective=None,
              random_state=12, reg_alpha=0.0, reg_lambda=0.0, silent='warn',
              subsample=1.0, subsample_for_bin=200000, subsample_freq=0)
2022-01-31 19:20:48,126:INFO:create_models() succesfully completed......................................
2022-01-31 19:20:48,263:INFO:create_model_container: 21
2022-01-31 19:20:48,263:INFO:master_model_container: 21
2022-01-31 19:20:48,263:INFO:display_container: 2
2022-01-31 19:20:48,263:INFO:LGBMRegressor(boosting_type='gbdt', class_weight=None, colsample_bytree=1.0,
              importance_type='split', learning_rate=0.1, max_depth=-1,
              min_child_samples=20, min_child_weight=0.001, min_split_gain=0.0,
              n_estimators=100, n_jobs=-1, num_leaves=31, objective=None,
              random_state=12, reg_alpha=0.0, reg_lambda=0.0, silent='warn',
              subsample=1.0, subsample_for_bin=200000, subsample_freq=0)
2022-01-31 19:20:48,263:INFO:compare_models() succesfully completed......................................
2022-01-31 19:20:48,276:INFO:Initializing create_model()
2022-01-31 19:20:48,277:INFO:create_model(estimator=lightgbm, fold=None, round=4, cross_validation=True, predict=True, fit_kwargs=None, groups=None, refit=True, verbose=True, system=True, metrics=None, add_to_model_list=True, probability_threshold=None, display=None, kwargs={})
2022-01-31 19:20:48,277:INFO:Checking exceptions
2022-01-31 19:20:48,277:INFO:Preparing display monitor
2022-01-31 19:20:48,291:INFO:Importing libraries
2022-01-31 19:20:48,291:INFO:Copying training dataset
2022-01-31 19:20:48,292:INFO:Defining folds
2022-01-31 19:20:48,292:INFO:Declaring metric variables
2022-01-31 19:20:48,298:INFO:Importing untrained model
2022-01-31 19:20:48,304:INFO:Light Gradient Boosting Machine Imported succesfully
2022-01-31 19:20:48,317:INFO:Starting cross validation
2022-01-31 19:20:48,318:INFO:Cross validating with KFold(n_splits=10, random_state=None, shuffle=False), n_jobs=-1
2022-01-31 19:20:49,018:INFO:Calculating mean and std
2022-01-31 19:20:49,019:INFO:Creating metrics dataframe
2022-01-31 19:20:49,030:INFO:Finalizing model
2022-01-31 19:20:49,088:INFO:Uploading results into container
2022-01-31 19:20:49,088:INFO:Uploading model into container now
2022-01-31 19:20:49,100:INFO:create_model_container: 22
2022-01-31 19:20:49,100:INFO:master_model_container: 22
2022-01-31 19:20:49,100:INFO:display_container: 3
2022-01-31 19:20:49,101:INFO:LGBMRegressor(boosting_type='gbdt', class_weight=None, colsample_bytree=1.0,
              importance_type='split', learning_rate=0.1, max_depth=-1,
              min_child_samples=20, min_child_weight=0.001, min_split_gain=0.0,
              n_estimators=100, n_jobs=-1, num_leaves=31, objective=None,
              random_state=12, reg_alpha=0.0, reg_lambda=0.0, silent='warn',
              subsample=1.0, subsample_for_bin=200000, subsample_freq=0)
2022-01-31 19:20:49,101:INFO:create_model() succesfully completed......................................
2022-01-31 19:20:49,209:INFO:Initializing tune_model()
2022-01-31 19:20:49,210:INFO:tune_model(estimator=LGBMRegressor(boosting_type='gbdt', class_weight=None, colsample_bytree=1.0,
              importance_type='split', learning_rate=0.1, max_depth=-1,
              min_child_samples=20, min_child_weight=0.001, min_split_gain=0.0,
              n_estimators=100, n_jobs=-1, num_leaves=31, objective=None,
              random_state=12, reg_alpha=0.0, reg_lambda=0.0, silent='warn',
              subsample=1.0, subsample_for_bin=200000, subsample_freq=0), fold=None, round=4, n_iter=10, custom_grid=None, optimize=R2, custom_scorer=None, search_library=scikit-learn, search_algorithm=None, early_stopping=False, early_stopping_max_iters=10, choose_better=False, fit_kwargs=None, groups=None, return_tuner=False, verbose=True, tuner_verbose=True, display=None, kwargs={})
2022-01-31 19:20:49,210:INFO:Checking exceptions
2022-01-31 19:20:49,210:INFO:Preparing display monitor
2022-01-31 19:20:49,222:INFO:Copying training dataset
2022-01-31 19:20:49,223:INFO:Checking base model
2022-01-31 19:20:49,223:INFO:Base model : Light Gradient Boosting Machine
2022-01-31 19:20:49,230:INFO:Declaring metric variables
2022-01-31 19:20:49,236:INFO:Defining Hyperparameters
2022-01-31 19:20:49,321:INFO:Tuning with n_jobs=-1
2022-01-31 19:20:49,321:INFO:Initializing RandomizedSearchCV
2022-01-31 19:21:05,849:INFO:best_params: {'actual_estimator__reg_lambda': 1e-07, 'actual_estimator__reg_alpha': 0.0005, 'actual_estimator__num_leaves': 6, 'actual_estimator__n_estimators': 100, 'actual_estimator__min_split_gain': 0.3, 'actual_estimator__min_child_samples': 71, 'actual_estimator__learning_rate': 0.3, 'actual_estimator__feature_fraction': 0.7, 'actual_estimator__bagging_freq': 5, 'actual_estimator__bagging_fraction': 0.9}
2022-01-31 19:21:05,849:INFO:Hyperparameter search completed
2022-01-31 19:21:05,849:INFO:SubProcess create_model() called ==================================
2022-01-31 19:21:05,850:INFO:Initializing create_model()
2022-01-31 19:21:05,850:INFO:create_model(estimator=LGBMRegressor(boosting_type='gbdt', class_weight=None, colsample_bytree=1.0,
              importance_type='split', learning_rate=0.1, max_depth=-1,
              min_child_samples=20, min_child_weight=0.001, min_split_gain=0.0,
              n_estimators=100, n_jobs=-1, num_leaves=31, objective=None,
              random_state=12, reg_alpha=0.0, reg_lambda=0.0, silent='warn',
              subsample=1.0, subsample_for_bin=200000, subsample_freq=0), fold=KFold(n_splits=10, random_state=None, shuffle=False), round=4, cross_validation=True, predict=True, fit_kwargs={}, groups=None, refit=True, verbose=True, system=False, metrics=None, add_to_model_list=True, probability_threshold=None, display=<pycaret.internal.Display.Display object at 0x000001C2F34F54C8>, kwargs={'reg_lambda': 1e-07, 'reg_alpha': 0.0005, 'num_leaves': 6, 'n_estimators': 100, 'min_split_gain': 0.3, 'min_child_samples': 71, 'learning_rate': 0.3, 'feature_fraction': 0.7, 'bagging_freq': 5, 'bagging_fraction': 0.9})
2022-01-31 19:21:05,850:INFO:Checking exceptions
2022-01-31 19:21:05,850:INFO:Importing libraries
2022-01-31 19:21:05,850:INFO:Copying training dataset
2022-01-31 19:21:05,851:INFO:Defining folds
2022-01-31 19:21:05,851:INFO:Declaring metric variables
2022-01-31 19:21:05,858:INFO:Importing untrained model
2022-01-31 19:21:05,858:INFO:Declaring custom model
2022-01-31 19:21:05,866:INFO:Light Gradient Boosting Machine Imported succesfully
2022-01-31 19:21:05,881:INFO:Starting cross validation
2022-01-31 19:21:05,881:INFO:Cross validating with KFold(n_splits=10, random_state=None, shuffle=False), n_jobs=-1
2022-01-31 19:21:06,341:INFO:Calculating mean and std
2022-01-31 19:21:06,342:INFO:Creating metrics dataframe
2022-01-31 19:21:06,358:INFO:Finalizing model
2022-01-31 19:21:06,397:INFO:Uploading results into container
2022-01-31 19:21:06,398:INFO:Uploading model into container now
2022-01-31 19:21:06,398:INFO:create_model_container: 23
2022-01-31 19:21:06,398:INFO:master_model_container: 23
2022-01-31 19:21:06,398:INFO:display_container: 4
2022-01-31 19:21:06,399:INFO:LGBMRegressor(bagging_fraction=0.9, bagging_freq=5, boosting_type='gbdt',
              class_weight=None, colsample_bytree=1.0, feature_fraction=0.7,
              importance_type='split', learning_rate=0.3, max_depth=-1,
              min_child_samples=71, min_child_weight=0.001, min_split_gain=0.3,
              n_estimators=100, n_jobs=-1, num_leaves=6, objective=None,
              random_state=12, reg_alpha=0.0005, reg_lambda=1e-07,
              silent='warn', subsample=1.0, subsample_for_bin=200000,
              subsample_freq=0)
2022-01-31 19:21:06,399:INFO:create_model() succesfully completed......................................
2022-01-31 19:21:06,506:INFO:SubProcess create_model() end ==================================
2022-01-31 19:21:06,516:INFO:create_model_container: 23
2022-01-31 19:21:06,516:INFO:master_model_container: 23
2022-01-31 19:21:06,516:INFO:display_container: 4
2022-01-31 19:21:06,516:INFO:LGBMRegressor(bagging_fraction=0.9, bagging_freq=5, boosting_type='gbdt',
              class_weight=None, colsample_bytree=1.0, feature_fraction=0.7,
              importance_type='split', learning_rate=0.3, max_depth=-1,
              min_child_samples=71, min_child_weight=0.001, min_split_gain=0.3,
              n_estimators=100, n_jobs=-1, num_leaves=6, objective=None,
              random_state=12, reg_alpha=0.0005, reg_lambda=1e-07,
              silent='warn', subsample=1.0, subsample_for_bin=200000,
              subsample_freq=0)
2022-01-31 19:21:06,517:INFO:tune_model() succesfully completed......................................
2022-01-31 19:21:06,615:INFO:Initializing plot_model()
2022-01-31 19:21:06,615:INFO:plot_model(fold=None, use_train_data=False, verbose=True, is_in_evaluate=False, display=None, display_format=None, estimator=LGBMRegressor(bagging_fraction=0.9, bagging_freq=5, boosting_type='gbdt',
              class_weight=None, colsample_bytree=1.0, feature_fraction=0.7,
              importance_type='split', learning_rate=0.3, max_depth=-1,
              min_child_samples=71, min_child_weight=0.001, min_split_gain=0.3,
              n_estimators=100, n_jobs=-1, num_leaves=6, objective=None,
              random_state=12, reg_alpha=0.0005, reg_lambda=1e-07,
              silent='warn', subsample=1.0, subsample_for_bin=200000,
              subsample_freq=0), feature_name=None, fit_kwargs=None, groups=None, label=False, plot=error, save=False, scale=1, system=True)
2022-01-31 19:21:06,615:INFO:Checking exceptions
2022-01-31 19:21:06,615:INFO:Preparing display monitor
2022-01-31 19:21:06,621:INFO:Preloading libraries
2022-01-31 19:21:06,626:INFO:Copying training dataset
2022-01-31 19:21:06,627:INFO:Copying test dataset
2022-01-31 19:21:06,627:INFO:Plot type: error
2022-01-31 19:21:06,710:INFO:Fitting Model
2022-01-31 19:21:06,711:INFO:Scoring test/hold-out set
2022-01-31 19:21:07,122:INFO:Visual Rendered Successfully
2022-01-31 19:21:07,202:INFO:plot_model() succesfully completed......................................
2022-01-31 19:21:07,211:INFO:Initializing predict_model()
2022-01-31 19:21:07,212:INFO:predict_model(estimator=LGBMRegressor(bagging_fraction=0.9, bagging_freq=5, boosting_type='gbdt',
              class_weight=None, colsample_bytree=1.0, feature_fraction=0.7,
              importance_type='split', learning_rate=0.3, max_depth=-1,
              min_child_samples=71, min_child_weight=0.001, min_split_gain=0.3,
              n_estimators=100, n_jobs=-1, num_leaves=6, objective=None,
              random_state=12, reg_alpha=0.0005, reg_lambda=1e-07,
              silent='warn', subsample=1.0, subsample_for_bin=200000,
              subsample_freq=0), probability_threshold=None, encoded_labels=True, raw_score=False, round=4, verbose=True, ml_usecase=MLUsecase.REGRESSION, display=None)
2022-01-31 19:21:07,212:INFO:Checking exceptions
2022-01-31 19:21:07,212:INFO:Preloading libraries
2022-01-31 19:21:07,212:INFO:Preparing display monitor
2022-01-31 19:21:07,354:INFO:Initializing finalize_model()
2022-01-31 19:21:07,354:INFO:finalize_model(estimator=LGBMRegressor(bagging_fraction=0.9, bagging_freq=5, boosting_type='gbdt',
              class_weight=None, colsample_bytree=1.0, feature_fraction=0.7,
              importance_type='split', learning_rate=0.3, max_depth=-1,
              min_child_samples=71, min_child_weight=0.001, min_split_gain=0.3,
              n_estimators=100, n_jobs=-1, num_leaves=6, objective=None,
              random_state=12, reg_alpha=0.0005, reg_lambda=1e-07,
              silent='warn', subsample=1.0, subsample_for_bin=200000,
              subsample_freq=0), fit_kwargs=None, groups=None, model_only=True, display=None)
2022-01-31 19:21:07,355:INFO:Finalizing LGBMRegressor(bagging_fraction=0.9, bagging_freq=5, boosting_type='gbdt',
              class_weight=None, colsample_bytree=1.0, feature_fraction=0.7,
              importance_type='split', learning_rate=0.3, max_depth=-1,
              min_child_samples=71, min_child_weight=0.001, min_split_gain=0.3,
              n_estimators=100, n_jobs=-1, num_leaves=6, objective=None,
              random_state=12, reg_alpha=0.0005, reg_lambda=1e-07,
              silent='warn', subsample=1.0, subsample_for_bin=200000,
              subsample_freq=0)
2022-01-31 19:21:07,355:INFO:Initializing create_model()
2022-01-31 19:21:07,355:INFO:create_model(estimator=LGBMRegressor(bagging_fraction=0.9, bagging_freq=5, boosting_type='gbdt',
              class_weight=None, colsample_bytree=1.0, feature_fraction=0.7,
              importance_type='split', learning_rate=0.3, max_depth=-1,
              min_child_samples=71, min_child_weight=0.001, min_split_gain=0.3,
              n_estimators=100, n_jobs=-1, num_leaves=6, objective=None,
              random_state=12, reg_alpha=0.0005, reg_lambda=1e-07,
              silent='warn', subsample=1.0, subsample_for_bin=200000,
              subsample_freq=0), fold=None, round=4, cross_validation=True, predict=True, fit_kwargs={}, groups=None, refit=True, verbose=False, system=False, metrics=None, add_to_model_list=False, probability_threshold=None, display=None, kwargs={})
2022-01-31 19:21:07,355:INFO:Checking exceptions
2022-01-31 19:21:07,355:INFO:Importing libraries
2022-01-31 19:21:07,355:INFO:Copying training dataset
2022-01-31 19:21:07,356:INFO:Defining folds
2022-01-31 19:21:07,356:INFO:Declaring metric variables
2022-01-31 19:21:07,357:INFO:Importing untrained model
2022-01-31 19:21:07,357:INFO:Declaring custom model
2022-01-31 19:21:07,357:INFO:Light Gradient Boosting Machine Imported succesfully
2022-01-31 19:21:07,357:INFO:Starting cross validation
2022-01-31 19:21:07,358:INFO:Cross validating with KFold(n_splits=10, random_state=None, shuffle=False), n_jobs=-1
2022-01-31 19:21:08,000:INFO:Calculating mean and std
2022-01-31 19:21:08,001:INFO:Creating metrics dataframe
2022-01-31 19:21:08,004:INFO:Finalizing model
2022-01-31 19:21:08,064:INFO:create_model_container: 23
2022-01-31 19:21:08,064:INFO:master_model_container: 23
2022-01-31 19:21:08,064:INFO:display_container: 6
2022-01-31 19:21:08,065:INFO:LGBMRegressor(bagging_fraction=0.9, bagging_freq=5, boosting_type='gbdt',
              class_weight=None, colsample_bytree=1.0, feature_fraction=0.7,
              importance_type='split', learning_rate=0.3, max_depth=-1,
              min_child_samples=71, min_child_weight=0.001, min_split_gain=0.3,
              n_estimators=100, n_jobs=-1, num_leaves=6, objective=None,
              random_state=12, reg_alpha=0.0005, reg_lambda=1e-07,
              silent='warn', subsample=1.0, subsample_for_bin=200000,
              subsample_freq=0)
2022-01-31 19:21:08,065:INFO:create_model() succesfully completed......................................
2022-01-31 19:21:08,183:INFO:create_model_container: 23
2022-01-31 19:21:08,184:INFO:master_model_container: 23
2022-01-31 19:21:08,184:INFO:display_container: 5
2022-01-31 19:21:08,184:INFO:LGBMRegressor(bagging_fraction=0.9, bagging_freq=5, boosting_type='gbdt',
              class_weight=None, colsample_bytree=1.0, feature_fraction=0.7,
              importance_type='split', learning_rate=0.3, max_depth=-1,
              min_child_samples=71, min_child_weight=0.001, min_split_gain=0.3,
              n_estimators=100, n_jobs=-1, num_leaves=6, objective=None,
              random_state=12, reg_alpha=0.0005, reg_lambda=1e-07,
              silent='warn', subsample=1.0, subsample_for_bin=200000,
              subsample_freq=0)
2022-01-31 19:21:08,184:INFO:finalize_model() succesfully completed......................................
2022-01-31 19:21:08,294:INFO:Initializing predict_model()
2022-01-31 19:21:08,295:INFO:predict_model(estimator=LGBMRegressor(bagging_fraction=0.9, bagging_freq=5, boosting_type='gbdt',
              class_weight=None, colsample_bytree=1.0, feature_fraction=0.7,
              importance_type='split', learning_rate=0.3, max_depth=-1,
              min_child_samples=71, min_child_weight=0.001, min_split_gain=0.3,
              n_estimators=100, n_jobs=-1, num_leaves=6, objective=None,
              random_state=12, reg_alpha=0.0005, reg_lambda=1e-07,
              silent='warn', subsample=1.0, subsample_for_bin=200000,
              subsample_freq=0), probability_threshold=None, encoded_labels=True, raw_score=False, round=4, verbose=True, ml_usecase=MLUsecase.REGRESSION, display=None)
2022-01-31 19:21:08,296:INFO:Checking exceptions
2022-01-31 19:21:08,296:INFO:Preloading libraries
2022-01-31 19:21:08,296:INFO:Preparing display monitor
2022-01-31 19:21:08,482:INFO:Initializing save_model()
2022-01-31 19:21:08,482:INFO:save_model(model=LGBMRegressor(bagging_fraction=0.9, bagging_freq=5, boosting_type='gbdt',
              class_weight=None, colsample_bytree=1.0, feature_fraction=0.7,
              importance_type='split', learning_rate=0.3, max_depth=-1,
              min_child_samples=71, min_child_weight=0.001, min_split_gain=0.3,
              n_estimators=100, n_jobs=-1, num_leaves=6, objective=None,
              random_state=12, reg_alpha=0.0005, reg_lambda=1e-07,
              silent='warn', subsample=1.0, subsample_for_bin=200000,
              subsample_freq=0), model_name=Final_Model, prep_pipe_=Pipeline(memory=None,
         steps=[('dtypes',
                 DataTypes_Auto_infer(categorical_features=[],
                                      display_types=True, features_todrop=[],
                                      id_columns=[], ml_usecase='regression',
                                      numerical_features=[], target='Salary',
                                      time_features=[])),
                ('imputer',
                 Simple_Imputer(categorical_strategy='not_available',
                                fill_value_categorical=None,
                                fill_value_numerical=None,
                                numeric_strategy=...
                ('scaling', 'passthrough'), ('P_transform', 'passthrough'),
                ('binn', 'passthrough'), ('rem_outliers', 'passthrough'),
                ('cluster_all', 'passthrough'),
                ('dummy', Dummify(target='Salary')),
                ('fix_perfect', Remove_100(target='Salary')),
                ('clean_names', Clean_Colum_Names()),
                ('feature_select', 'passthrough'), ('fix_multi', 'passthrough'),
                ('dfs', 'passthrough'), ('pca', 'passthrough')],
         verbose=False), verbose=True, kwargs={})
2022-01-31 19:21:08,483:INFO:Adding model into prep_pipe
2022-01-31 19:21:08,491:INFO:Final_Model.pkl saved in current working directory
2022-01-31 19:21:08,499:INFO:Pipeline(memory=None,
         steps=[('dtypes',
                 DataTypes_Auto_infer(categorical_features=[],
                                      display_types=True, features_todrop=[],
                                      id_columns=[], ml_usecase='regression',
                                      numerical_features=[], target='Salary',
                                      time_features=[])),
                ('imputer',
                 Simple_Imputer(categorical_strategy='not_available',
                                fill_value_categorical=None,
                                fill_value_numerical=None,
                                numeric_strategy=...
                               colsample_bytree=1.0, feature_fraction=0.7,
                               importance_type='split', learning_rate=0.3,
                               max_depth=-1, min_child_samples=71,
                               min_child_weight=0.001, min_split_gain=0.3,
                               n_estimators=100, n_jobs=-1, num_leaves=6,
                               objective=None, random_state=12,
                               reg_alpha=0.0005, reg_lambda=1e-07,
                               silent='warn', subsample=1.0,
                               subsample_for_bin=200000, subsample_freq=0)]],
         verbose=False)
2022-01-31 19:21:08,499:INFO:save_model() successfully completed......................................
2022-01-31 19:21:08,618:INFO:Initializing load_model()
2022-01-31 19:21:08,618:INFO:load_model(model_name=Final_Model, platform=None, authentication=None, verbose=True)
2022-01-31 19:21:08,643:INFO:Initializing predict_model()
2022-01-31 19:21:08,644:INFO:predict_model(estimator=Pipeline(memory=None,
         steps=[('dtypes',
                 DataTypes_Auto_infer(categorical_features=[],
                                      display_types=True, features_todrop=[],
                                      id_columns=[], ml_usecase='regression',
                                      numerical_features=[], target='Salary',
                                      time_features=[])),
                ('imputer',
                 Simple_Imputer(categorical_strategy='not_available',
                                fill_value_categorical=None,
                                fill_value_numerical=None,
                                numeric_strategy=...
                               colsample_bytree=1.0, feature_fraction=0.7,
                               importance_type='split', learning_rate=0.3,
                               max_depth=-1, min_child_samples=71,
                               min_child_weight=0.001, min_split_gain=0.3,
                               n_estimators=100, n_jobs=-1, num_leaves=6,
                               objective=None, random_state=12,
                               reg_alpha=0.0005, reg_lambda=1e-07,
                               silent='warn', subsample=1.0,
                               subsample_for_bin=200000, subsample_freq=0)]],
         verbose=False), probability_threshold=None, encoded_labels=True, raw_score=False, round=4, verbose=True, ml_usecase=MLUsecase.REGRESSION, display=None)
2022-01-31 19:21:08,644:INFO:Checking exceptions
2022-01-31 19:21:08,644:INFO:Preloading libraries
2022-01-31 19:21:08,644:INFO:Preparing display monitor
2022-01-31 19:21:08,894:INFO:Initializing predict_model()
2022-01-31 19:21:08,894:INFO:predict_model(estimator=Pipeline(memory=None,
         steps=[('dtypes',
                 DataTypes_Auto_infer(categorical_features=[],
                                      display_types=True, features_todrop=[],
                                      id_columns=[], ml_usecase='regression',
                                      numerical_features=[], target='Salary',
                                      time_features=[])),
                ('imputer',
                 Simple_Imputer(categorical_strategy='not_available',
                                fill_value_categorical=None,
                                fill_value_numerical=None,
                                numeric_strategy=...
                               colsample_bytree=1.0, feature_fraction=0.7,
                               importance_type='split', learning_rate=0.3,
                               max_depth=-1, min_child_samples=71,
                               min_child_weight=0.001, min_split_gain=0.3,
                               n_estimators=100, n_jobs=-1, num_leaves=6,
                               objective=None, random_state=12,
                               reg_alpha=0.0005, reg_lambda=1e-07,
                               silent='warn', subsample=1.0,
                               subsample_for_bin=200000, subsample_freq=0)]],
         verbose=False), probability_threshold=None, encoded_labels=True, raw_score=False, round=4, verbose=True, ml_usecase=MLUsecase.REGRESSION, display=None)
2022-01-31 19:21:08,894:INFO:Checking exceptions
2022-01-31 19:21:08,894:INFO:Preloading libraries
2022-01-31 19:21:08,894:INFO:Preparing display monitor
